First text added to log file
Entering xboard()
Calling start_game()
Finished calling start_game()
Right before flushing in xboard()
Righ after flushing in xboard()
Right after computer turn if: side 0 computer_side 1
Right after 'if (!fgets (line, 256, stdin))'
line[0] == 'n' happened!
Right before flushing in xboard()
Righ after flushing in xboard()
Right after computer turn if: side 0 computer_side 1
Right after 'if (!fgets (line, 256, stdin))'
Scanning for a command in xboard()
We got command in xboard()
Called time in xboard()
Right before flushing in xboard()
Righ after flushing in xboard()
Right after computer turn if: side 0 computer_side 1
Right after 'if (!fgets (line, 256, stdin))'
Scanning for a command in xboard()
We got command in xboard()
Entering go in xboard
Leaving go in xboard()
Right before flushing in xboard()
Righ after flushing in xboard()
side == computer_side in xboard(): 0 0
Calling 'theBest = ComputerThink (max_depth);' in xboard
, side, computer_sideIn ComputerThink we have a move
In ComputerThink we have a move
In ComputerThink we have a move
In ComputerThink we have a move
In ComputerThink we have a move
In ComputerThink we have a move
In ComputerThink we have a move
Finished Calling 'theBest = ComputerThink (max_depth);' in xboard
Now we calll MakeMove(TheBest)
Now we have to send the move in xboard
Printing result in xboard()
Right before flushing in xboard()
Righ after flushing in xboard()
Right after computer turn if: side 1 computer_side 0
Right after 'if (!fgets (line, 256, stdin))'
line[0] == 'n' happened!
Right before flushing in xboard()
Righ after flushing in xboard()
Right after computer turn if: side 1 computer_side 0
Right after 'if (!fgets (line, 256, stdin))'
Scanning for a command in xboard()
We got command in xboard()
Called quit in xboard()
